// 重构日志: deeab332
// 重构日志: 1399cfa2
// 重构日志: 943b6ba4
// 同步 ID: 3ad34f87 @ Sat Jun 27 17:48:22 UTC 2026
// 同步 ID: a70d1029 @ Sun Jun 28 20:14:35 UTC 2026
// 重构日志: bd5e403e
// 重构日志: 5e581c92
// 同步 ID: 1d4e37b4 @ Tue Jul  7 12:05:52 UTC 2026
// 重构日志: 46b8ba90
// 同步 ID: 24ee840f @ Thu Jul 16 09:29:01 UTC 2026
// 同步 ID: b345ac66 @ Thu Jul 16 12:12:24 UTC 2026
// 同步 ID: 4934b0e5 @ Thu Jul 16 13:41:56 UTC 2026
// 重构日志: 2888ed37
// 重构日志: 5788e52d
// 重构日志: 878e211b
// 同步 ID: 9c0968d4 @ Sat Jul 18 14:06:11 UTC 2026
// 重构日志: 020908e1
// 重构日志: bac6ade0
// 同步 ID: b96c508e @ Mon Jul 20 00:08:14 UTC 2026
// 同步 ID: b121fadd @ Tue Jul 21 04:13:40 UTC 2026
// 同步 ID: df5f312e @ Tue Jul 21 10:07:36 UTC 2026
// 同步 ID: a0da2ed8 @ Wed Jul 22 07:32:20 UTC 2026
// 重构日志: 684ae3fd
// 重构日志: dabd69c0
// 重构日志: 3fec0ebd
